<?xml version="1.0" encoding="UTF-8"?>
<!-- Generated by org.testng.reporters.JUnitXMLReporter -->
<testsuite ignored="0" hostname="bcaccabafaedafccebbdecffdbebeccaae-0" failures="0" tests="3" name="Surefire test" time="21.932" errors="0" timestamp="2023-09-14T07:03:41 UTC">
  <testcase classname="runner.Testcase1" name="Register" time="3.572"/>
  <testcase classname="runner.Testcase1" name="Valid_Login_TC" time="1.518"/>
  <testcase classname="runner.Testcase1" name="TC_Vote_003" time="1.732"/>
</testsuite> <!-- Surefire test -->
